[19:02:19] [main/INFO] (FabricLoader/GameProvider) Loading Minecraft 1.21.11 with Fabric Loader 0.18.3
[19:02:19] [main/INFO] (FabricLoader) Loading 51 mods:
	- epfragments73 1.0-Alpha
	- fabric-api 0.140.0+1.21.11
	- fabric-api-base 1.0.5+4ebb5c083e
	- fabric-api-lookup-api-v1 1.6.113+1fb1cde93e
	- fabric-biome-api-v1 17.1.1+4fc5413f3e
	- fabric-block-api-v1 1.1.10+4ebb5c083e
	- fabric-block-view-api-v2 1.0.39+4ebb5c083e
	- fabric-client-gametest-api-v1 4.3.5+bfe9fcf43e
	- fabric-command-api-v2 2.4.7+6b42a6003e
	- fabric-content-registries-v0 10.2.14+4fc5413f3e
	- fabric-convention-tags-v1 2.1.55+7f945d5b3e
	- fabric-convention-tags-v2 2.17.3+8ef948ba3e
	- fabric-crash-report-info-v1 0.3.23+4ebb5c083e
	- fabric-data-attachment-api-v1 1.8.43+1fb1cde93e
	- fabric-data-generation-api-v1 23.3.0+ae1056283e
	- fabric-dimensions-v1 4.0.28+4fc5413f3e
	- fabric-entity-events-v1 3.0.5+4ebb5c083e
	- fabric-events-interaction-v0 4.0.44+1fb1cde93e
	- fabric-game-rule-api-v1 2.0.3+4fc5413f3e
	- fabric-gametest-api-v1 3.1.27+4fc5413f3e
	- fabric-item-api-v1 11.5.20+d0c46b9e3e
	- fabric-item-group-api-v1 4.2.36+4fc5413f3e
	- fabric-key-binding-api-v1 1.1.7+4fc5413f3e
	- fabric-lifecycle-events-v1 2.6.15+4ebb5c083e
	- fabric-loot-api-v2 3.0.73+3f89f5a53e
	- fabric-loot-api-v3 2.0.20+78c8b4663e
	- fabric-message-api-v1 6.1.12+4ebb5c083e
	- fabric-model-loading-api-v1 6.0.12+4fc5413f3e
	- fabric-networking-api-v1 5.1.5+ae1e07683e
	- fabric-object-builder-api-v1 21.1.38+4fc5413f3e
	- fabric-particles-v1 4.2.11+4fc5413f3e
	- fabric-recipe-api-v1 8.2.3+4ebb5c083e
	- fabric-registry-sync-v0 6.2.4+4ebb5c083e
	- fabric-renderer-api-v1 8.0.0+f4ffd2e53e
	- fabric-renderer-indigo 5.0.0+f4ffd2e53e
	- fabric-rendering-fluids-v1 3.1.43+4ebb5c083e
	- fabric-rendering-v1 16.2.7+f4ffd2e53e
	- fabric-resource-conditions-api-v1 5.0.35+4fc5413f3e
	- fabric-resource-loader-v0 3.3.4+4fc5413f3e
	- fabric-resource-loader-v1 1.0.10+78c8b4663e
	- fabric-screen-api-v1 3.1.7+4ebb5c083e
	- fabric-screen-handler-api-v1 1.3.160+4fc5413f3e
	- fabric-serialization-api-v1 1.0.5+4ebb5c083e
	- fabric-sound-api-v1 1.0.51+4fc5413f3e
	- fabric-tag-api-v1 1.2.20+4fc5413f3e
	- fabric-transfer-api-v1 6.0.24+4fc5413f3e
	- fabric-transitive-access-wideners-v1 7.0.8+0107c3da3e
	- fabricloader 0.18.3
	- java 21
	- minecraft 1.21.11
	- mixinextras 0.5.0
[19:02:19] [main/INFO] (FabricLoader/Mixin) SpongePowered MIXIN Subsystem Version=0.8.7 Source=file:/C:/Users/jakeb/.gradle/caches/modules-2/files-2.1/net.fabricmc/sponge-mixin/0.16.5+mixin.0.8.7/80fc3a9f592673cea87f4cd702f87991c6c9fe4d/sponge-mixin-0.16.5+mixin.0.8.7.jar Service=Knot/Fabric Env=CLIENT
[19:02:20] [main/INFO] (FabricLoader/Mixin) Loaded Fabric development mappings for mixin remapper!
[19:02:20] [main/INFO] (FabricLoader/Mixin) Compatibility level set to JAVA_21
[19:02:21] [main/INFO] (FabricLoader/MixinExtras|Service) Initializing MixinExtras via com.llamalad7.mixinextras.service.MixinExtrasServiceImpl(version=0.5.0).
[19:02:21] [Datafixer Bootstrap/INFO] (Minecraft) 287 Datafixer optimizations took 357 milliseconds
[19:02:26] [Render thread/INFO] (Minecraft) Environment: Environment[sessionHost=https://sessionserver.mojang.com, servicesHost=https://api.minecraftservices.com, profilesHost=https://api.mojang.com, name=PROD]
[19:02:26] [Render thread/INFO] (Minecraft) Setting user: Player755
[19:02:26] [Render thread/INFO] (epfragments73) Registering Mod Items For epfragments73
[19:02:26] [Render thread/INFO] (epfragments73) Registering Mod Blocks For epfragments73
[19:02:26] [Render thread/INFO] (epfragments73) EndPortalChallenge Initialized
[19:02:26] [Render thread/INFO] (Indigo) [Indigo] Registering Indigo renderer!
[19:02:26] [Download-2/ERROR] (Minecraft) Failed to fetch user properties
com.mojang.authlib.exceptions.InvalidCredentialsException: Status: 401
	at knot//com.mojang.authlib.exceptions.MinecraftClientHttpException.toAuthenticationException(MinecraftClientHttpException.java:59)
	at knot//com.mojang.authlib.yggdrasil.YggdrasilUserApiService.fetchProperties(YggdrasilUserApiService.java:150)
	at knot//net.minecraft.client.MinecraftClient.method_55608(MinecraftClient.java:457)
	at java.base/java.util.concurrent.CompletableFuture$AsyncSupply.run(CompletableFuture.java:1768)
	at java.base/java.util.concurrent.ThreadPoolExecutor.runWorker(ThreadPoolExecutor.java:1144)
	at java.base/java.util.concurrent.ThreadPoolExecutor$Worker.run(ThreadPoolExecutor.java:642)
	at java.base/java.lang.Thread.run(Thread.java:1583)
Caused by: com.mojang.authlib.exceptions.MinecraftClientHttpException: Status: 401
	at knot//com.mojang.authlib.minecraft.client.MinecraftClient.readInputStream(MinecraftClient.java:103)
	at knot//com.mojang.authlib.minecraft.client.MinecraftClient.get(MinecraftClient.java:56)
	at knot//com.mojang.authlib.yggdrasil.YggdrasilUserApiService.fetchProperties(YggdrasilUserApiService.java:121)
	... 5 more
[19:02:27] [Render thread/INFO] (Minecraft) Backend library: LWJGL version 3.3.3-snapshot
[19:02:27] [Render thread/INFO] (Minecraft) Using optional rendering extensions: GL_ARB_buffer_storage, GL_KHR_debug, GL_ARB_vertex_attrib_binding, GL_ARB_direct_state_access, GL_EXT_texture_filter_anisotropic
[19:02:28] [Render thread/INFO] (Minecraft) Reloading ResourceManager: vanilla, epfragments73, fabric-api, fabric-api-base, fabric-api-lookup-api-v1, fabric-biome-api-v1, fabric-block-api-v1, fabric-block-view-api-v2, fabric-client-gametest-api-v1, fabric-command-api-v2, fabric-content-registries-v0, fabric-convention-tags-v1, fabric-convention-tags-v2, fabric-crash-report-info-v1, fabric-data-attachment-api-v1, fabric-data-generation-api-v1, fabric-dimensions-v1, fabric-entity-events-v1, fabric-events-interaction-v0, fabric-game-rule-api-v1, fabric-gametest-api-v1, fabric-item-api-v1, fabric-item-group-api-v1, fabric-key-binding-api-v1, fabric-lifecycle-events-v1, fabric-loot-api-v2, fabric-loot-api-v3, fabric-message-api-v1, fabric-model-loading-api-v1, fabric-networking-api-v1, fabric-object-builder-api-v1, fabric-particles-v1, fabric-recipe-api-v1, fabric-registry-sync-v0, fabric-renderer-api-v1, fabric-renderer-indigo, fabric-rendering-fluids-v1, fabric-rendering-v1, fabric-resource-conditions-api-v1, fabric-resource-loader-v0, fabric-resource-loader-v1, fabric-screen-api-v1, fabric-screen-handler-api-v1, fabric-serialization-api-v1, fabric-sound-api-v1, fabric-tag-api-v1, fabric-transfer-api-v1, fabric-transitive-access-wideners-v1, fabricloader
[19:02:28] [Download-2/INFO] (Minecraft) Could not authorize you against Realms server: java.lang.RuntimeException: Failed to parse into SignedJWT: FabricMC
[19:02:28] [Download-2/ERROR] (Minecraft) Failed to fetch Realms feature flags
net.minecraft.client.realms.exception.RealmsServiceException: Realms authentication error with message 'java.lang.RuntimeException: Failed to parse into SignedJWT: FabricMC'
	at knot//net.minecraft.client.realms.RealmsClient.execute(RealmsClient.java:526)
	at knot//net.minecraft.client.realms.RealmsClient.fetchFeatureFlags(RealmsClient.java:186)
	at java.base/java.util.concurrent.CompletableFuture$AsyncSupply.run(CompletableFuture.java:1768)
	at java.base/java.util.concurrent.ThreadPoolExecutor.runWorker(ThreadPoolExecutor.java:1144)
	at java.base/java.util.concurrent.ThreadPoolExecutor$Worker.run(ThreadPoolExecutor.java:642)
	at java.base/java.lang.Thread.run(Thread.java:1583)
[19:02:28] [Worker-Main-13/INFO] (Minecraft) Found unifont_pua-17.0.01.hex, loading
[19:02:28] [Worker-Main-11/INFO] (Minecraft) Found unifont_all_no_pua-17.0.01.hex, loading
[19:02:28] [Worker-Main-6/INFO] (Minecraft) Found unifont_jp_patch-17.0.01.hex, loading
[19:02:29] [Render thread/INFO] (Minecraft) OpenAL initialized on device OpenAL Soft on Speakers (High Definition Audio Device)
[19:02:29] [Render thread/INFO] (Minecraft) Sound engine started
[19:02:29] [Render thread/INFO] (Minecraft) Created: 512x256x0 minecraft:textures/atlas/particles.png-atlas
[19:02:29] [Render thread/INFO] (Minecraft) Created: 128x128x0 minecraft:textures/atlas/decorated_pot.png-atlas
[19:02:29] [Render thread/INFO] (Minecraft) Created: 2048x1024x0 minecraft:textures/atlas/armor_trims.png-atlas
[19:02:29] [Render thread/INFO] (Minecraft) Created: 512x256x0 minecraft:textures/atlas/paintings.png-atlas
[19:02:29] [Render thread/INFO] (Minecraft) Created: 1024x512x0 minecraft:textures/atlas/shield_patterns.png-atlas
[19:02:29] [Render thread/INFO] (Minecraft) Created: 2048x2048x4 minecraft:textures/atlas/blocks.png-atlas
[19:02:29] [Render thread/INFO] (Minecraft) Created: 512x512x0 minecraft:textures/atlas/chest.png-atlas
[19:02:29] [Render thread/INFO] (Minecraft) Created: 256x128x0 minecraft:textures/atlas/celestials.png-atlas
[19:02:29] [Render thread/INFO] (Minecraft) Created: 1024x512x0 minecraft:textures/atlas/banner_patterns.png-atlas
[19:02:29] [Render thread/INFO] (Minecraft) Created: 512x512x0 minecraft:textures/atlas/beds.png-atlas
[19:02:29] [Render thread/INFO] (Minecraft) Created: 1024x512x0 minecraft:textures/atlas/items.png-atlas
[19:02:29] [Render thread/INFO] (Minecraft) Created: 1024x1024x0 minecraft:textures/atlas/gui.png-atlas
[19:02:29] [Render thread/INFO] (Minecraft) Created: 128x64x0 minecraft:textures/atlas/map_decorations.png-atlas
[19:02:29] [Render thread/INFO] (Minecraft) Created: 512x256x0 minecraft:textures/atlas/signs.png-atlas
[19:02:29] [Render thread/INFO] (Minecraft) Created: 512x512x0 minecraft:textures/atlas/shulker_boxes.png-atlas
[19:02:29] [IO-Worker-1/INFO] (Minecraft) Could not authorize you against Realms server: java.lang.RuntimeException: Failed to parse into SignedJWT: FabricMC
[19:02:29] [IO-Worker-1/ERROR] (Minecraft) Couldn't connect to realms
net.minecraft.client.realms.exception.RealmsServiceException: Realms authentication error with message 'java.lang.RuntimeException: Failed to parse into SignedJWT: FabricMC'
	at knot//net.minecraft.client.realms.RealmsClient.execute(RealmsClient.java:526)
	at knot//net.minecraft.client.realms.RealmsClient.clientCompatible(RealmsClient.java:307)
	at knot//net.minecraft.client.realms.RealmsAvailability.method_52627(RealmsAvailability.java:48)
	at java.base/java.util.concurrent.CompletableFuture$AsyncSupply.run(CompletableFuture.java:1768)
	at java.base/java.util.concurrent.ThreadPoolExecutor.runWorker(ThreadPoolExecutor.java:1144)
	at java.base/java.util.concurrent.ThreadPoolExecutor$Worker.run(ThreadPoolExecutor.java:642)
	at java.base/java.lang.Thread.run(Thread.java:1583)
[19:02:38] [Render thread/INFO] (Minecraft) Loaded 1470 recipes
[19:02:38] [Render thread/INFO] (Minecraft) Loaded 1584 advancements
[19:02:39] [Render thread/INFO] (BiomeModificationImpl) Applied 0 biome modifications to 0 of 65 new biomes in 880.5 μs
[19:02:39] [Server thread/INFO] (Minecraft) Starting integrated minecraft server version 1.21.11
[19:02:39] [Server thread/INFO] (Minecraft) Generating keypair
[19:02:39] [Server thread/INFO] (Minecraft) Loading 0 persistent chunks...
[19:02:39] [Server thread/INFO] (Minecraft) Preparing spawn area: 16%
[19:02:40] [Server thread/INFO] (Minecraft) Loading 49 chunks for player spawn...
[19:02:40] [Server thread/INFO] (Minecraft) Preparing spawn area: 16%
[19:02:40] [Server thread/INFO] (Minecraft) Time elapsed: 969 ms
[19:02:40] [Server thread/INFO] (Minecraft) Player755[local:E:4a838a3b] logged in with entity id 64 at (133.72788471570104, 57.0, 131.57232188946062)
[19:02:40] [Server thread/INFO] (Minecraft) Player755 joined the game
[19:02:40] [Server thread/INFO] (Minecraft) Changing view distance to 16, from 10
[19:02:40] [Server thread/INFO] (Minecraft) Changing simulation distance to 12, from 0
[19:02:40] [Render thread/INFO] (Minecraft) Loaded 27 advancements
[19:02:40] [Render thread/INFO] (Minecraft) Resizing Dynamic Transforms UBO, capacity limit of 2 reached during a single frame. New capacity will be 4.
[19:02:40] [Render thread/INFO] (Minecraft) Resizing Dynamic Transforms UBO, capacity limit of 4 reached during a single frame. New capacity will be 8.
[19:02:41] [Render thread/INFO] (Minecraft) Resizing Chunk Sections UBO, capacity limit of 2 reached during a single frame. New capacity will be 8.
[19:02:41] [Render thread/INFO] (Minecraft) Resizing Chunk Sections UBO, capacity limit of 8 reached during a single frame. New capacity will be 16.
[19:02:41] [Render thread/INFO] (Minecraft) Resizing Chunk Sections UBO, capacity limit of 16 reached during a single frame. New capacity will be 32.
[19:02:41] [Render thread/INFO] (Minecraft) Resizing Chunk Sections UBO, capacity limit of 32 reached during a single frame. New capacity will be 64.
[19:02:43] [Render thread/INFO] (Minecraft) Resizing Chunk Sections UBO, capacity limit of 64 reached during a single frame. New capacity will be 128.
[19:02:43] [Render thread/INFO] (Minecraft) Resizing Chunk Sections UBO, capacity limit of 128 reached during a single frame. New capacity will be 256.
[19:02:48] [Render thread/INFO] (Minecraft) Resizing Chunk Sections UBO, capacity limit of 256 reached during a single frame. New capacity will be 512.
[19:03:02] [Render thread/INFO] (Minecraft) Resizing Dynamic Transforms UBO, capacity limit of 8 reached during a single frame. New capacity will be 16.
[19:03:02] [Server thread/INFO] (Minecraft) Player755 has made the advancement [Respecting the Remnants]
[19:03:02] [Render thread/INFO] (Minecraft) [System] [CHAT] Player755 has made the advancement [Respecting the Remnants]
[19:03:02] [Render thread/INFO] (Minecraft) Loaded 30 advancements
[19:05:50] [Server thread/INFO] (Minecraft) [Player755: Teleported Player755 to 10000.500000, -1.000000, 10000.500000]
[19:05:50] [Render thread/INFO] (Minecraft) [System] [CHAT] Teleported Player755 to 10000.500000, -1.000000, 10000.500000
[19:05:56] [Server thread/INFO] (Minecraft) Locating element minecraft:trial_chambers took 0 ms
[19:05:56] [Render thread/INFO] (Minecraft) [System] [CHAT] The nearest minecraft:trial_chambers is at [9840, ~, 9824] (237 blocks away)
[19:05:59] [Server thread/INFO] (Minecraft) [Player755: Teleported Player755 to 9840.500000, -1.000000, 9824.500000]
[19:05:59] [Render thread/INFO] (Minecraft) [System] [CHAT] Teleported Player755 to 9840.500000, -1.000000, 9824.500000
[19:06:01] [Server thread/INFO] (Minecraft) [Player755: Set own game mode to Spectator Mode]
[19:06:01] [Render thread/INFO] (Minecraft) [System] [CHAT] Set own game mode to Spectator Mode
[19:06:03] [Server thread/INFO] (Minecraft) Player755 has made the advancement [Minecraft: Trial(s) Edition]
[19:06:03] [Render thread/INFO] (Minecraft) [System] [CHAT] Player755 has made the advancement [Minecraft: Trial(s) Edition]
[19:06:03] [Render thread/INFO] (Minecraft) Loaded 37 advancements
[19:06:04] [Render thread/INFO] (Minecraft) Resizing Chunk Sections UBO, capacity limit of 512 reached during a single frame. New capacity will be 1024.
[19:06:15] [Render thread/INFO] (Minecraft) Resizing Chunk Sections UBO, capacity limit of 1024 reached during a single frame. New capacity will be 2048.
[19:06:17] [Render thread/INFO] (Minecraft) Resizing Chunk Sections UBO, capacity limit of 2048 reached during a single frame. New capacity will be 4096.
[19:06:35] [Server thread/INFO] (Minecraft) [Player755: Set own game mode to Creative Mode]
[19:06:35] [Render thread/INFO] (Minecraft) [System] [CHAT] Set own game mode to Creative Mode
[19:06:46] [Server thread/INFO] (Minecraft) Player755 has reached the goal [Revaulting]
[19:06:46] [Render thread/INFO] (Minecraft) [System] [CHAT] Player755 has reached the goal [Revaulting]
[19:06:46] [Render thread/INFO] (Minecraft) Loaded 37 advancements
[19:06:54] [Server thread/INFO] (Minecraft) Player755 has made the advancement [Diamonds!]
[19:06:54] [Render thread/INFO] (Minecraft) [System] [CHAT] Player755 has made the advancement [Diamonds!]
[19:06:54] [Render thread/INFO] (Minecraft) Loaded 57 advancements
[19:06:54] [Render thread/INFO] (Minecraft) Resizing Dynamic Transforms UBO, capacity limit of 16 reached during a single frame. New capacity will be 32.
[19:07:06] [Server thread/INFO] (Minecraft) [Player755: Set own game mode to Spectator Mode]
[19:07:06] [Render thread/INFO] (Minecraft) [System] [CHAT] Set own game mode to Spectator Mode
[19:07:15] [Server thread/INFO] (Minecraft) [Player755: Set own game mode to Creative Mode]
[19:07:15] [Render thread/INFO] (Minecraft) [System] [CHAT] Set own game mode to Creative Mode
[19:07:58] [Server thread/INFO] (Minecraft) Player755 has made the advancement [Under Lock and Key]
[19:07:58] [Render thread/INFO] (Minecraft) [System] [CHAT] Player755 has made the advancement [Under Lock and Key]
[19:07:58] [Render thread/INFO] (Minecraft) Loaded 57 advancements
[19:08:42] [Server thread/INFO] (Minecraft) [Player755: Set own game mode to Spectator Mode]
[19:08:42] [Render thread/INFO] (Minecraft) [System] [CHAT] Set own game mode to Spectator Mode
[19:08:43] [Server thread/INFO] (Minecraft) [Player755: Set own game mode to Creative Mode]
[19:08:43] [Render thread/INFO] (Minecraft) [System] [CHAT] Set own game mode to Creative Mode
[19:08:50] [Render thread/INFO] (Minecraft) Loaded 58 advancements
[19:08:52] [Render thread/INFO] (Minecraft) Loaded 60 advancements
[19:08:52] [Render thread/INFO] (Minecraft) Loaded 62 advancements
[19:08:53] [Render thread/INFO] (Minecraft) Loaded 63 advancements
[19:09:10] [Render thread/INFO] (Minecraft) Loaded 73 advancements
[19:09:14] [Server thread/INFO] (Minecraft) Saving and pausing game...
[19:09:14] [Server thread/INFO] (Minecraft) Saving chunks for level 'ServerLevel[LootTable Test]'/minecraft:overworld
[19:09:14] [Server thread/INFO] (Minecraft) Saving chunks for level 'ServerLevel[LootTable Test]'/minecraft:the_end
[19:09:14] [Server thread/INFO] (Minecraft) Saving chunks for level 'ServerLevel[LootTable Test]'/minecraft:the_nether
[19:09:14] [Server thread/INFO] (Minecraft) Player755 lost connection: Disconnected
[19:09:14] [Server thread/INFO] (Minecraft) Player755 left the game
[19:09:14] [Server thread/INFO] (Minecraft) Stopping singleplayer server as player logged out
[19:09:14] [Server thread/INFO] (Minecraft) Stopping server
[19:09:14] [Server thread/INFO] (Minecraft) Saving players
[19:09:14] [Server thread/INFO] (Minecraft) Saving worlds
[19:09:14] [Server thread/INFO] (Minecraft) Saving chunks for level 'ServerLevel[LootTable Test]'/minecraft:overworld
[19:09:15] [Server thread/INFO] (Minecraft) Saving chunks for level 'ServerLevel[LootTable Test]'/minecraft:the_end
[19:09:15] [Server thread/INFO] (Minecraft) Saving chunks for level 'ServerLevel[LootTable Test]'/minecraft:the_nether
[19:09:15] [Server thread/INFO] (Minecraft) ThreadedAnvilChunkStorage (LootTable Test): All chunks are saved
[19:09:15] [Server thread/INFO] (Minecraft) ThreadedAnvilChunkStorage (DIM1): All chunks are saved
[19:09:15] [Server thread/INFO] (Minecraft) ThreadedAnvilChunkStorage (DIM-1): All chunks are saved
[19:09:15] [Server thread/INFO] (Minecraft) ThreadedAnvilChunkStorage: All dimensions are saved
[19:09:18] [Render thread/INFO] (Minecraft) Deleting level LootTable Test
[19:09:18] [Render thread/INFO] (Minecraft) Attempt 1...
[19:09:20] [Render thread/WARN] (Minecraft) Missing data pack epfragments73
[19:09:20] [Render thread/INFO] (Minecraft) Loaded 1470 recipes
[19:09:20] [Render thread/INFO] (Minecraft) Loaded 1584 advancements
[19:09:20] [Render thread/INFO] (BiomeModificationImpl) Applied 0 biome modifications to 0 of 65 new biomes in 438.1 μs
[19:09:20] [Server thread/INFO] (Minecraft) Starting integrated minecraft server version 1.21.11
[19:09:20] [Server thread/INFO] (Minecraft) Generating keypair
[19:09:20] [Server thread/INFO] (Minecraft) Loading 0 persistent chunks...
[19:09:20] [Server thread/INFO] (Minecraft) Preparing spawn area: 16%
[19:09:21] [Server thread/INFO] (Minecraft) Loading 49 chunks for player spawn...
[19:09:21] [Server thread/INFO] (Minecraft) Preparing spawn area: 16%
[19:09:21] [Server thread/INFO] (Minecraft) Time elapsed: 562 ms
[19:09:21] [Server thread/INFO] (Minecraft) Player755[local:E:af088c62] logged in with entity id 4809 at (10187.713262032064, -25.1444319548476, 10923.547708594331)
[19:09:21] [Server thread/INFO] (Minecraft) Player755 joined the game
[19:09:21] [Server thread/INFO] (Minecraft) Changing view distance to 16, from 10
[19:09:21] [Server thread/INFO] (Minecraft) Changing simulation distance to 12, from 0
[19:09:21] [Render thread/INFO] (Minecraft) Loaded 4 advancements
[19:09:22] [Server thread/INFO] (Minecraft) Player755 has made the advancement [Eye Spy]
[19:09:22] [Render thread/INFO] (Minecraft) [System] [CHAT] Player755 has made the advancement [Eye Spy]
[19:09:22] [Render thread/INFO] (Minecraft) Loaded 13 advancements
[19:09:59] [Server thread/INFO] (Minecraft) Player755 has made the advancement [The End?]
[19:09:59] [Render thread/INFO] (Minecraft) [System] [CHAT] Player755 has made the advancement [The End?]
[19:09:59] [Render thread/INFO] (Minecraft) Loaded 19 advancements
[19:10:00] [Server thread/INFO] (Minecraft) Scanning for legacy world dragon fight...
[19:10:00] [Server thread/INFO] (Minecraft) Found that the dragon has not yet been killed in this world.
[19:10:04] [Server thread/INFO] (Minecraft) Saving and pausing game...
[19:10:04] [Server thread/INFO] (Minecraft) Saving chunks for level 'ServerLevel[st]'/minecraft:overworld
[19:10:04] [Server thread/INFO] (Minecraft) Saving chunks for level 'ServerLevel[st]'/minecraft:the_end
[19:10:04] [Server thread/INFO] (Minecraft) Saving chunks for level 'ServerLevel[st]'/minecraft:the_nether
[19:10:04] [Server thread/INFO] (Minecraft) Player755 lost connection: Disconnected
[19:10:04] [Server thread/INFO] (Minecraft) Player755 left the game
[19:10:04] [Server thread/INFO] (Minecraft) Stopping singleplayer server as player logged out
[19:10:04] [Server thread/INFO] (Minecraft) Stopping server
[19:10:04] [Server thread/INFO] (Minecraft) Saving players
[19:10:04] [Server thread/INFO] (Minecraft) Saving worlds
[19:10:04] [Server thread/INFO] (Minecraft) Saving chunks for level 'ServerLevel[st]'/minecraft:overworld
[19:10:04] [Server thread/INFO] (Minecraft) Saving chunks for level 'ServerLevel[st]'/minecraft:the_end
[19:10:05] [Server thread/INFO] (Minecraft) Saving chunks for level 'ServerLevel[st]'/minecraft:the_nether
[19:10:05] [Server thread/INFO] (Minecraft) ThreadedAnvilChunkStorage (st): All chunks are saved
[19:10:05] [Server thread/INFO] (Minecraft) ThreadedAnvilChunkStorage (DIM1): All chunks are saved
[19:10:05] [Server thread/INFO] (Minecraft) ThreadedAnvilChunkStorage (DIM-1): All chunks are saved
[19:10:05] [Server thread/INFO] (Minecraft) ThreadedAnvilChunkStorage: All dimensions are saved
[19:10:08] [Render thread/INFO] (Minecraft) Deleting level st
[19:10:08] [Render thread/INFO] (Minecraft) Attempt 1...
[19:10:10] [Render thread/INFO] (Minecraft) Stopping!
